\BOOKMARK [1][-]{section*.1}{}{}% 1
\BOOKMARK [1][-]{section.1}{Introduction}{}% 2
\BOOKMARK [2][-]{subsection.1.1}{Le probl\350me}{section.1}% 3
\BOOKMARK [2][-]{subsection.1.2}{Objectifs}{section.1}% 4
\BOOKMARK [1][-]{section.2}{Simplification de dettes}{}% 5
\BOOKMARK [2][-]{subsection.2.1}{Description}{section.2}% 6
\BOOKMARK [2][-]{subsection.2.2}{Impl\351mentation}{section.2}% 7
\BOOKMARK [3][-]{subsubsection.2.2.1}{Explication}{subsection.2.2}% 8
\BOOKMARK [2][-]{subsection.2.3}{Exemple}{section.2}% 9
\BOOKMARK [3][-]{subsubsection.2.3.1}{Pseudocode}{subsection.2.3}% 10
\BOOKMARK [1][-]{section.3}{Identification des communaut\351s}{}% 11
\BOOKMARK [2][-]{subsection.3.1}{Description}{section.3}% 12
\BOOKMARK [2][-]{subsection.3.2}{Impl\351mentation}{section.3}% 13
\BOOKMARK [3][-]{subsubsection.3.2.1}{Pseudocode}{subsection.3.2}% 14
\BOOKMARK [2][-]{subsection.3.3}{Exemple}{section.3}% 15
\BOOKMARK [1][-]{section.4}{Identification des hubs sociaux}{}% 16
\BOOKMARK [2][-]{subsection.4.1}{Description}{section.4}% 17
\BOOKMARK [2][-]{subsection.4.2}{Impl\351mentation}{section.4}% 18
\BOOKMARK [3][-]{subsubsection.4.2.1}{Pseudocode}{subsection.4.2}% 19
\BOOKMARK [2][-]{subsection.4.3}{Exemple}{section.4}% 20
\BOOKMARK [1][-]{section.5}{Travail en Equipe}{}% 21
\BOOKMARK [1][-]{section.6}{Sources}{}% 22
\BOOKMARK [1][-]{section.7}{Tests}{}% 23
\BOOKMARK [2][-]{subsection.7.1}{OurTests.py}{section.7}% 24
\BOOKMARK [3][-]{subsubsection.7.1.1}{Tests de simplification de dettes}{subsection.7.1}% 25
\BOOKMARK [3][-]{subsubsection.7.1.2}{Test d'identification de communaut\351s}{subsection.7.1}% 26
\BOOKMARK [3][-]{subsubsection.7.1.3}{Test d'identification de Hubs Sociaux}{subsection.7.1}% 27
\BOOKMARK [2][-]{subsection.7.2}{YourTester.py}{section.7}% 28
